id=DefaultIconName,hash=-171003702
id=TitlebarActiveForeColour,hash=642361635
id=TitlebarInactiveForeColour,hash=-35329384
id=ApplicationBackColour,hash=-35660577
id=WindowBackColour,hash=-790249177
id=PlayerSplitProgressYOffset,hash=512591286
id=AutoHideMenu,hash=-141549421
id=MenuButton.Default,hash=-513307714
id=MenuButton.Border,hash=-1696672775
id=MenuBarDock,hash=-1389504848
id=MenuBar.Default,hash=415729634
id=MenuBarSeparator,hash=-1233618
id=Menu.ParentItem.Highlight,hash=1506082618
id=Menu.ParentItem.Pressed,hash=1832301390
id=Menu.DropDownMargin,hash=427212835
id=Menu.DropDown.Default,hash=1278778846
id=Menu.DropDown.Disabled,hash=-939614623
id=Menu.DropDown.Highlight,hash=66731100
id=Menu.DropDown.HighlightText,hash=217799158
id=Menu.DropDownSeparator,hash=1067992713
id=Menu.DropDownCheckBox.Default,hash=-653737108
id=Menu.DropDownCheckBoxBorder.Default,hash=-529536699
id=Menu.DropDownCheckBox.Highlight,hash=-289653438
id=Menu.DropDownCheckBoxBorder.Highlight,hash=-1697670355
id=InlineMenuBar.Default,hash=1489013162
id=InlineMenu.ParentItem.Highlight,hash=-1073094901
id=InlineMenu.ParentItem.Pressed,hash=-1324833660
id=MainPanelSeparatorMargin,hash=1472580081
id=MainPanelMargin.Left,hash=481567871
id=MainPanelMargin.Right,hash=-251487655
id=MainPanelMargin.Top,hash=-1865682527
id=MainPanelMargin.Bottom,hash=-612324223
id=ScrollBarMargin,hash=1680088117
id=MainPanelTopBorder,hash=461515725
id=Panel.Header.Default,hash=279268961
id=Panel.HeaderControl.Default,hash=-1886022506
id=Panel.LocationBarEdit.Default,hash=168582322
id=Panel.CommandButtonOverride,hash=598573006
id=Panel.CommandIconOverride,hash=-324380038
id=Panel.HeaderButtonOverride.Default,hash=-1259481447
id=Panel.HeaderButtonOverride.Disabled,hash=-9730090
id=Panel.HeaderButtonOverride.Highlight,hash=1510603682
id=CaptionBar.CommandButtonOverride,hash=-1375236156
id=CaptionBar.CommandIconOverride,hash=440065357
id=Panel.SubHeader.Default,hash=1128738468
id=Controls.SearchBox.Default,hash=-1081090488
id=Controls.SearchBox.Lowlight,hash=551864024
id=Controls.SearchBoxSplitter,hash=-489636158
id=Panel.SearchBox,hash=978388434
id=CaptionBar.SearchBox.Default,hash=549790950
id=CaptionBar.SearchBox.Lowlight,hash=-1569109829
id=TabsBar.Background,hash=516701667
id=TabsBar.Tab.Default,hash=1731383843
id=TabsBar.Tab.Highlight,hash=-1099919823
id=TabsBar.DropCursor,hash=347458317
id=TabsBar.JoinLine,hash=-831542714
id=BottomTabsBar.JoinLine,hash=-133136592
id=TabsBar.TabCloseButton.Highlight,hash=-178200281
id=TabsBar.TabCloseButton.Lowlight,hash=-2068291046
id=TabsBarBelow.Tab.Default,hash=-79204418
id=TabsBarBelow.Tab.Highlight,hash=-1856926951
id=TabsBarBelow.TabCloseButton.Highlight,hash=326569898
id=TabsBarBelow.TabCloseButton.Lowlight,hash=458431899
id=TabsBar.TabInCaptionOffset,hash=-2007086533
id=TabsBar.TabInCaptionBar.Default,hash=30873937
id=TabsBar.TabInCaptionBar.Highlight,hash=-1842170377
id=TabsBar.TabInCaptionBarTop.Default,hash=1340175665
id=TabsBar.TabInCaptionBarTop.Highlight,hash=-1539499056
id=TabsBarBelow.Tab.Default,hash=-79204418
id=TabsBarBelow.Tab.Highlight,hash=-1856926951
id=TabsVBar.Background,hash=-1968022355
id=TabsVBar.Tab.Default,hash=-755280519
id=TabsVBar.Tab.Highlight,hash=-396278586
id=Panel.SectionHeader.Default,hash=-262466487
id=Panel.Body.Default,hash=-1127744885
id=Panel.Body.Highlight,hash=2117206110
id=Panel.Body.Lowlight,hash=1226065674
id=Controls.Counter,hash=-1836726102
id=FullNodeSelect,hash=2080905846
id=LeftNavigator.ScrollBar,hash=716884152
id=LeftNavigator.ScrollBarThumb,hash=-172080681
id=LeftNavigator.ScrollBarBackground,hash=-978127553
id=LibraryExplorerHeaderGap,hash=635913676
id=Panel.ChildHeader.Default,hash=1039396355
id=Panel.ChildHeaderControl.Default,hash=-784498979
id=Panel.ChildHeaderControl.Highlight,hash=-1717025043
id=Panel.ChildHeaderControlWithTabs.Highlight,hash=820394347
id=Panel.ChildBody.Default,hash=-1321724196
id=Panel.ChildBody.Highlight,hash=-589868747
id=Panel.ChildBody.Lowlight,hash=-675187223
id=Panel.ChildBody.ScrollBar,hash=610710186
id=Panel.ChildBody.ScrollBarThumb,hash=1045201006
id=Panel.ChildBody.ScrollBarBackground,hash=1317175031
id=LibraryExplorer.Header.Default,hash=-1867740489
id=NowPlayingTabsLeftFlush,hash=-1563701826
id=NowPlayingTabsSpacing,hash=-1869174083
id=Panel.StatusBar.Default,hash=1800360169
id=Panel.StatusBarControl.Default,hash=-1508313755
id=Panel.StatusBarControl.Highlight,hash=-900270400
id=Sidebar.Header.Default,hash=1404028176
id=Panel.TabSelector.Default,hash=-214584038
id=Panel.TabSelector.Highlight,hash=-1525478667
id=Panel.TabSelector.Lowlight,hash=-1951105063
id=Controls.TabSelectedButton,hash=1507968930
id=NowPlayingPanel.SectionHeader,hash=-81170906
id=NowPlayingPanel.SpectrumVisualiser,hash=-1395810648
id=NowPlayingPanel.TabSelector.Default,hash=2135659483
id=NowPlayingPanel.TabSelector.Highlight,hash=1769348927
id=NowPlayingPanel.TabSelector.Lowlight,hash=88725398
id=NowPlayingList[TrackDetail].ListHeader,hash=516422112
id=NowPlayingList[TrackDetail].Default,hash=256756962
id=NowPlayingList[TrackDetail].Highlight,hash=428625929
id=NowPlayingList[TrackDetail].Lowlight,hash=2100672373
id=NowPlayingList[TrackDetail].Disabled,hash=1799678595
id=NowPlayingList[TrackDetail].ListAlternating.Default,hash=1449231045
id=NowPlayingList[TrackDetail].ListAlternating.Disabled,hash=-917910196
id=NowPlayingList.ScrollBar,hash=-1510942741
id=NowPlayingList.ScrollBarThumb,hash=-457504728
id=NowPlayingList.ScrollBarBackground,hash=2065808632
id=FilterPanel.ListHeader,hash=-1656915649
id=FilterPanel.Default,hash=1815911580
id=FilterPanel.Highlight,hash=-921893860
id=FilterPanel.Lowlight,hash=1938430271
id=FilterPanel.Disabled,hash=97246317
id=FilterPanel.ListAlternating.Default,hash=-2053201074
id=FilterPanel.ListAlternating.Disabled,hash=1814828149
id=FilterPanel.ScrollBar,hash=-824402133
id=FilterPanel.ScrollBarThumb,hash=1681079883
id=FilterPanel.ScrollBarBackground,hash=1821947177
id=LyricsPanel,hash=-102595726
id=TrackInfoPanel,hash=937209355
id=TrackInfoPanel.ScrollBar,hash=-876189489
id=TrackInfoPanel.ScrollBarThumb,hash=365902169
id=TrackInfoPanel.ScrollBarBackground,hash=1387973856
id=ArtworkPanel,hash=355898194
id=Content[TrackDetail].Body.Default,hash=1502884812
id=Content[TrackDetail].Body.ListHeader,hash=1966238215
id=Content[TrackDetail].Body.Highlight,hash=1674118020
id=Content[TrackDetail].Body.Lowlight,hash=-933729579
id=Content[TrackDetail].ListAlternating.Default,hash=-860042142
id=Content[TrackDetail].Body.Disabled,hash=-121155685
id=Content[TrackDetail].ListAlternating.Disabled,hash=1602301005
id=Content[AlbumAndTracks].ArtistSplitterLine,hash=1466812036
id=Content[Artwork],hash=776855210
id=Content[Artwork].Body.Default,hash=-1555306140
id=Content[Artwork].Body.Highlight,hash=-385326472
id=Content[Artwork].Body.Lowlight,hash=-1380574261
id=Content[Artwork].HeaderControl.Default,hash=-1406296287
id=Content[Artwork].ArtworkText,hash=-125919453
id=UseArtworkBorders,hash=2100509242
id=Controls.ArtworkFrame,hash=1312228732
id=Content[ArtistProfile],hash=2091708299
id=Panel.StarRating.Default,hash=1289952621
id=Panel.StarRating.Highlight,hash=-170581859
id=Panel.StarRating.Lowlight,hash=450862885
id=Panel.NotLovedIcon.Highlight,hash=2054594730
id=Panel.NotLovedIcon.Lowlight,hash=2031267230
id=NowPlayingTabsBar.Background,hash=-115417868
id=NowPlayingTabsBar.Tab.Default,hash=920769191
id=NowPlayingTabsBar.Tab.Highlight,hash=1466129586
id=ScrollbarNoArrows,hash=464044808
id=Panel.ScrollBar.Default,hash=-713878242
id=Panel.ScrollBarThumb.Default,hash=-96905193
id=Panel.ScrollBarBackground.Default,hash=1594109793
id=Player.Background,hash=-1013849876
id=Player.DisplayPanel,hash=1127544461
id=Player.DisplayPanelBorder,hash=-1362386846
id=Player.ProgressBar,hash=789558653
id=Player.ProgressButton,hash=1327017872
id=PlayerInfoCentered,hash=2035508615
id=Player.StarRating.Default,hash=-811526649
id=Player.StarRating.Lowlight,hash=-1411237968
id=Player.SpectrumDefault,hash=1725314091
id=Player.SpectrumDead,hash=-1114122467
id=Player.SpectrumLow,hash=1512779771
id=Player.SpectrumMedium,hash=-1649045678
id=Player.SpectrumHigh,hash=-1108058155
id=Player.Control.Default,hash=-839381672
id=Player.Control.Disabled,hash=-1593417279
id=Player.Control.Highlight,hash=132708891
id=Player.Volume,hash=1519016010
id=Player.VolumeButton,hash=1782188067
id=Player.VolumeSlider,hash=-607064190
id=PlayerTop.Background,hash=-101766605
id=PlayerTop.DisplayPanel,hash=-409442689
id=PlayerTop.DisplayPanelBorder,hash=751630628
id=PlayerTop.ProgressBar,hash=-1743881527
id=PlayerTop.ProgressButton,hash=-1082243980
id=PlayerTop.StarRating.Default,hash=669319310
id=PlayerTop.StarRating.Lowlight,hash=2096220904
id=PlayerTop.SpectrumDefault,hash=-483643268
id=PlayerTop.SpectrumDead,hash=1188424233
id=PlayerTop.SpectrumLow,hash=-840462601
id=PlayerTop.SpectrumMedium,hash=-283708401
id=PlayerTop.SpectrumHigh,hash=340746611
id=PlayerTop.Control.Default,hash=-9851107
id=PlayerTop.Control.Disabled,hash=1538289684
id=PlayerTop.Control.Highlight,hash=-1683729145
id=PlayerTop.Volume,hash=-2086569189
id=PlayerTop.VolumeButton,hash=-131003554
id=PlayerTop.VolumeSlider,hash=-1464856574
id=PlayerFlat.Background,hash=641486254
id=PlayerFlat.DisplayPanel,hash=755135534
id=PlayerFlat.MetroButton.Default,hash=132313168
id=PlayerFlat.MetroButton.Highlight,hash=-1639398018
id=PlayerFlat.ProgressBar,hash=735796205
id=PlayerFlat.ProgressButton,hash=455466111
id=PlayerFlat.StarRating.Default,hash=1981687998
id=PlayerFlat.StarRating.Lowlight,hash=-506063707
id=PlayerFlat.SpectrumDefault,hash=1049614006
id=PlayerFlat.SpectrumDead,hash=-1610230520
id=PlayerFlat.SpectrumLow,hash=-887428703
id=PlayerFlat.SpectrumMedium,hash=-1681359987
id=PlayerFlat.SpectrumHigh,hash=1607027776
id=PlayerFlat.Control.Default,hash=-156633259
id=PlayerFlat.Control.Disabled,hash=558150028
id=PlayerFlat.Control.Highlight,hash=-197033539
id=PlayerFlat.Volume,hash=123611227
id=PlayerFlat.VolumeButton,hash=-381806787
id=PlayerFlat.VolumeSlider,hash=-1795709160
id=PlayerTopFlat.Background,hash=-1466577072
id=PlayerTopFlat.DisplayPanel,hash=1300540649
id=PlayerTopFlat.ProgressBar,hash=540612690
id=PlayerTopFlat.ProgressButton,hash=1427648525
id=PlayerTopFlat.StarRating.Default,hash=-1843223688
id=PlayerTopFlat.StarRating.Lowlight,hash=846742386
id=PlayerTopFlat.SpectrumDefault,hash=-1044803725
id=PlayerTopFlat.SpectrumDead,hash=-848385286
id=PlayerTopFlat.SpectrumLow,hash=713098800
id=PlayerTopFlat.SpectrumMedium,hash=110965557
id=PlayerTopFlat.SpectrumHigh,hash=1529689012
id=PlayerTopFlat.Control.Default,hash=-1879096233
id=PlayerTopFlat.Control.Disabled,hash=868256088
id=PlayerTopFlat.Control.Highlight,hash=-557446194
id=PlayerTopFlat.Volume,hash=525896829
id=PlayerTopFlat.VolumeButton,hash=-508949605
id=PlayerTopFlat.VolumeSlider,hash=-726893351
id=PlayerSidebar.Background,hash=431369991
id=Sidebar.Body.Default,hash=1989645985
id=PlayerSidebar.Control.Default,hash=-1381143577
id=PlayerSidebar.Control.Disabled,hash=-260275644
id=PlayerSidebar.Control.Highlight,hash=-239257401
id=PlayerSidebar.Volume,hash=-1410451005
id=PlayerSidebar.VolumeButton,hash=-1031812297
id=PlayerSidebar.ProgressBar,hash=-1426442478
id=PlayerSidebar.ProgressButton,hash=351526093
id=Player.SpectrumVisualiser,hash=-1421301485
id=Player.Wavebar,hash=2115215608
id=Player.Wavebar.Inner,hash=1284560558
id=MiniPlayer.Background,hash=1205935054
id=MiniPlayer.StarRating.Default,hash=-703509455
id=MiniPlayer.StarRating.Lowlight,hash=-32533758
id=PlayerMini.ProgressButton,hash=1963946163
id=Compact.LeftPanel,hash=-612228456
id=Compact.RightPanel.Default,hash=-1897078859
id=Compact.RightPanel.Disabled,hash=-384270569
id=Compact.RightPanel.Highlight,hash=-1067224421
id=Compact.RightPanel.Lowlight,hash=-1349464001
id=Compact.Player.Background,hash=669577116
id=Compact.Player.ProgressBar,hash=2072665534
id=Compact.Player.ProgressButton,hash=-1061050519
id=Compact.Player.Control.Default,hash=341315186
id=Compact.Player.Control.Disabled,hash=-760204005
id=Compact.Player.Control.Highlight,hash=583969005
id=Compact.Player.Volume,hash=1065795385
id=Compact.Player.Wavebar,hash=-1301580597
id=Compact.Player.Wavebar.Inner,hash=-699304144
id=Compact.Player.MetroButton.Default,hash=-1162046685
id=Compact.Player.MetroButton.Highlight,hash=-1737676896
id=InputPanel.Default,hash=1033908931
id=InputPanel.Highlight,hash=-1287843368
id=Controls.FaintLine,hash=-542863183
id=Controls.VerticalMenu.Default,hash=1058835523
id=Controls.VerticalMenu.Highlight,hash=668395143
id=Controls.VerticalMenu.Lowlight,hash=-2127997214
id=Controls.ListHeader,hash=-1027834157
id=Controls.DropdownButton.Default,hash=1509018876
id=Controls.DropdownButton.Disabled,hash=1981572331
id=Controls.InputControl.Default,hash=1299922867
id=Controls.InputControl.Disabled,hash=1849223614
id=Controls.InputControl.Highlight,hash=1258594140
id=Controls.InputControl.Lowlight,hash=676395226
id=Controls.LockedInputControl.Default,hash=1050111043
id=Controls.LockedInputControl.Disabled,hash=1374263600
id=Controls.SystemInputControl.Highlight,hash=-1179890632
id=Controls.RadioButton.Default,hash=1414196927
id=Controls.RadioButton.Disabled,hash=-545742922
id=Controls.Button.Default,hash=2025422523
id=Controls.Button.Disabled,hash=1634577882
id=Controls.SliderLine.Default,hash=527406995
id=Controls.SliderLine.Disabled,hash=871078944
id=Controls.SliderButton.Default,hash=-996507976
id=Controls.SliderButton.Disabled,hash=391582139
id=InputScrollBarMargin,hash=-111917987
id=Controls.ScrollBar.Default,hash=665396152
id=Controls.ScrollBarThumb.Default,hash=1402194620
id=Controls.ScrollBarBackground.Default,hash=1817408247
id=AutoDjPanel.SectionHeader.Default,hash=-1840676953
id=AutoDjPanel.Default,hash=-1826647809
id=Controls.ProgressBar,hash=101213145
id=Controls.ProgressBarButton,hash=1946504079
id=Controls.ProgressBarContainer,hash=1824562732
id=EditPanel.Default,hash=1217133243
id=EditPanel.Highlight,hash=-181223496
id=Controls.TabHeader.Default,hash=323589230
id=Controls.TabHeader.Highlight,hash=-1382727689
id=Controls.TabHeader.Lowlight,hash=-195782889
id=Toolbar.Background,hash=54555353
id=Toolbar.Body,hash=216045803
id=Toolbar.Counter,hash=-1350051088
id=Toolbar.MenuTextOverride,hash=928297396
id=Controls.StarRating.Default,hash=1109605343
id=Menu.CommandButton.Default,hash=396634296
id=Menu.CommandButton.Selected,hash=-467868514
id=TagEditorPanel.Header,hash=1809528558
id=NowPlayingPopup.Border,hash=-2076578551
id=NowPlayingPopup.Body,hash=1925706246
id=Panel.ChildHeaderPlayerControl.Default,hash=415487888
id=Panel.ChildHeaderPlayerControl.Disabled,hash=292077184
id=Panel.ChildHeaderPlayerControl.Highlight,hash=-316002286
id=NavigatorPanel.Body.Default,hash=1247805037
id=UseNativeButtonTheme,hash=-545041604
id=UseSystemColors,hash=976337283
id=DisableWindowBorders,hash=-1261775554
id=UseNativeButtonTheme,hash=-545041604
id=Panel.ChildHeader.HeightAdjustment,hash=-414518347
id=UseRoundedWindowBorders,hash=-946545310
id=UseSquareCaptionBorders,hash=-178392876
id=ClassicNewTabButton,hash=2012654938
id=UseSquareTabCorners,hash=-1378515669
id=MusicLibrary,hash=558083821,bitmap len=3229
id=BookmarksIcon,hash=-1619180584
id=PodcastsIcon,hash=-1204589671
id=RadioIcon,hash=-1708333759
id=AudiobooksIcon,hash=-662801112
id=VideoIcon,hash=-1675569859
id=InboxIcon,hash=187421471
id=PlayHistoryIcon,hash=507454711
id=DownloadsIcon,hash=-289251734
id=PlaylistNowPlayingIcon,hash=-227740274
id=PlaylistAutoDjIcon,hash=246813575
id=PlaylistIcon,hash=-1108012255
id=PlaylistAutoIcon,hash=-721226683
id=PlaylistMixerIcon,hash=-1990086960
id=UpcomingReleasesIcon,hash=-1915061455
id=SearchResultsIcon,hash=2039839038
id=PlayingTrack,hash=-1276393323
id=PlayingTrackInTab,hash=-1907093609
id=Visualiser,hash=438517797
id=EditSave,hash=-670367035,bitmap len=674
id=Delete,hash=432759908
id=WaitIndicator,hash=685456220,bitmap len=1849
id=InProgressIndicator,hash=-2125520935,bitmap len=3715
id=FormBorderBottom,hash=600796000,bitmap len=167
id=FormBorderBottomLeft,hash=417864278,bitmap len=167
id=FormBorderBottomRight,hash=32512621,bitmap len=167
id=FormBorderLeft,hash=1247246715,bitmap len=165
id=FormBorderRight,hash=1652300762,bitmap len=165
id=FormBorderTop,hash=2043008185,bitmap len=224
id=FormBorderTopLeft,hash=294702731,bitmap len=237
id=FormBorderTopRight,hash=680370427,bitmap len=237
id=FormMaximiseButton,hash=1289881645,bitmap len=271
id=FormMinimiseButton,hash=107356311,bitmap len=242
id=FormRestoreButton,hash=1865602263,bitmap len=291
id=FormHelpButton,hash=-1711945127,bitmap len=284
id=FormCloseButton,hash=-729753283,bitmap len=270
id=FormHelpHighlightButton,hash=-1341048544,bitmap len=283
id=FormMinimiseHighlightButton,hash=-838161554,bitmap len=241
id=FormMaximiseHighlightButton,hash=-100845625,bitmap len=270
id=FormRestoreHighlightButton,hash=1930140599,bitmap len=290
id=FormCloseHighlightButton,hash=-1035803836,bitmap len=270
id=AzJump,hash=960882802,bitmap len=960
id=MiniPlayerLastFmLoveBright,hash=-535312797,bitmap len=263
id=MiniPlayerLastFmNotLove,hash=-1843638382,bitmap len=263
id=CheckTick,hash=-663114390,bitmap len=2969
id=CheckTickDisabled,hash=1513069963,bitmap len=2905
id=NoArtwork,hash=-888402318,bitmap len=117473
id=UnknownArtist,hash=-1744040843
player panel
id=Panel,enum=0
id=PrevTrackButton,enum=1
id=PlayPauseButton,enum=2
id=NextTrackButton,enum=3
id=StopTrackButton,enum=4
id=Speaker,enum=5
id=VolumeSlidebar,enum=6
id=TrackInfoPanel,enum=8
id=Spectrum,enum=9
id=TrackInfoButton,enum=10
id=TrackText,enum=11
id=TrackLove,enum=12
id=TrackRating,enum=13
id=TrackPosition,enum=14
id=ProgressBar,enum=15
id=EqualiserButton,enum=16
id=LastFmButton,enum=17
id=RepeatButton,enum=18
id=ShuffleButton,enum=19
